<?xml version="1.0" encoding="UTF-8"?>

<beans xmlns="http://www.springframework.org/schema/beans"
       xmlns:xsi="http://www.w3.org/2001/XMLSchema-instance"
       xmlns:context="http://www.springframework.org/schema/context"
       xmlns:p="http://www.springframework.org/schema/p"
       xmlns:jdbc="http://www.springframework.org/schema/jdbc" xmlns:jpa="http://www.springframework.org/schema/c"
       xsi:schemaLocation="http://www.springframework.org/schema/beans http://www.springframework.org/schema/beans/spring-beans.xsd
		http://www.springframework.org/schema/context http://www.springframework.org/schema/context/spring-context.xsd
		http://www.springframework.org/schema/jdbc http://www.springframework.org/schema/jdbc/spring-jdbc-3.1.xsd">

    <!-- Activates @Autowired -->
    <context:annotation-config />
    <context:component-scan base-package="com.leti.project.entities, com.leti.project.services, com.leti.project.dao"/>

    <jdbc:embedded-database id="dataSource" type="H2">
        <jdbc:script location="db-schema.sql"/>
        <jdbc:script location="initDB.sql"/>
    </jdbc:embedded-database>

    <bean id="emf" class="org.springframework.orm.jpa.LocalContainerEntityManagerFactoryBean"
          p:dataSource-ref="dataSource"
          p:persistenceUnitName="springframework.lab.orm.jpa"
          p:persistenceProviderClass="org.hibernate.jpa.HibernatePersistenceProvider"
          p:loadTimeWeaver-ref="weaver"/>

    <bean id="weaver" class="org.springframework.instrument.classloading.InstrumentationLoadTimeWeaver"/>

    <bean id="userDao" class="com.leti.project.dao.impl.UserDaoImpl"/>

    <bean class="com.leti.project.services.UsersService.UsersServiceImpl">
        <constructor-arg ref="userDao"/>
    </bean>

</beans>