<beans xsi:schemaLocation="http://www.springframework.org/schema/beans http://www.springframework.org/schema/beans/spring-beans-4.0.xsd
                           http://www.springframework.org/schema/jdbc http://www.springframework.org/schema/jdbc/spring-jdbc.xsd http://www.springframework.org/schema/util http://www.springframework.org/schema/util/spring-util.xsd http://mybatis.org/schema/mybatis-spring http://mybatis.org/schema/mybatis-spring.xsd http://www.springframework.org/schema/context http://www.springframework.org/schema/context/spring-context.xsd"
       xmlns:xsi="http://www.w3.org/2001/XMLSchema-instance"
       xmlns="http://www.springframework.org/schema/beans"
       xmlns:jdbc="http://www.springframework.org/schema/jdbc"
       xmlns:c="http://www.springframework.org/schema/c"
       xmlns:util="http://www.springframework.org/schema/util"
       xmlns:mybatis="http://mybatis.org/schema/mybatis-spring"
       xmlns:context="http://www.springframework.org/schema/context">

    <context:annotation-config/>

    <jdbc:embedded-database id="dataSource" type="H2">
        <jdbc:script location="db-schema.sql"/>
        <jdbc:script location="initDB.sql"/>
    </jdbc:embedded-database>

    <mybatis:scan base-package="com.epam.testsystem.dao"/>
    <context:component-scan base-package="com.leti.project.dao"/>
    <bean class="com.leti.project.services.UsersService"/>
</beans>